Compiling the C compiler identification source file "CMakeCCompilerId.c" failed.
Compiler: /home/rawinza555/gcc-arm-none-eabi-10.3-2021.07/bin/arm-none-eabi-gcc 
Build flags: -DTGT_OS_TYPE_FREERTOS;;;;;-D__FREERTOS__;;;;;-D__ELF__;;;;;;-mcpu=cortex-m7;;;;;-mfpu=fpv5-d16;;;;;-mfloat-abi=hard;;;;;-DUSE_HAL_DRIVER;;;;;-DSTM32H743xx;;;;;-Wall;;;;;-fdata-sections;;;;;-ffunction-sections;;;;;-mthumb;;;;;;-std=c99
Id flags:  

The output was:
1
/home/rawinza555/gcc-arm-none-eabi-10.3-2021.07/bin/../lib/gcc/arm-none-eabi/10.3.1/../../../../arm-none-eabi/bin/ld: /home/rawinza555/gcc-arm-none-eabi-10.3-2021.07/bin/../lib/gcc/arm-none-eabi/10.3.1/../../../../arm-none-eabi/lib/thumb/v7e-m+dp/hard/libc.a(lib_a-exit.o): in function `exit':
exit.c:(.text.exit+0x16): undefined reference to `_exit'
collect2: error: ld returned 1 exit status


Compiling the CXX compiler identification source file "CMakeCXXCompilerId.cpp" failed.
Compiler: /home/rawinza555/gcc-arm-none-eabi-10.3-2021.07/bin/arm-none-eabi-g++ 
Build flags: -DTGT_OS_TYPE_FREERTOS;;;;;-D__FREERTOS__;;;;;-D__ELF__;;;;;;-mcpu=cortex-m7;;;;;-mfpu=fpv5-d16;;;;;-mfloat-abi=hard;;;;;-DUSE_HAL_DRIVER;;;;;-DSTM32H743xx;;;;;-Wall;;;;;-fdata-sections;;;;;-ffunction-sections;;;;;-mthumb;;;;;;-std=c++14
Id flags:  

The output was:
1
/home/rawinza555/gcc-arm-none-eabi-10.3-2021.07/bin/../lib/gcc/arm-none-eabi/10.3.1/../../../../arm-none-eabi/bin/ld: /home/rawinza555/gcc-arm-none-eabi-10.3-2021.07/bin/../lib/gcc/arm-none-eabi/10.3.1/../../../../arm-none-eabi/lib/thumb/v7e-m+dp/hard/libc.a(lib_a-exit.o): in function `exit':
exit.c:(.text.exit+0x16): undefined reference to `_exit'
collect2: error: ld returned 1 exit status


Performing C SOURCE FILE Test CMAKE_HAVE_LIBC_PTHREAD failed with the following output:
Change Dir: /home/rawinza555/fprime/STM32Blink/build-fprime-automatic-stm32/CMakeFiles/CMakeTmp

Run Build Command(s):/usr/bin/make cmTC_dd7cf/fast && /usr/bin/make -f CMakeFiles/cmTC_dd7cf.dir/build.make CMakeFiles/cmTC_dd7cf.dir/build
make[1]: Entering directory '/home/rawinza555/fprime/STM32Blink/build-fprime-automatic-stm32/CMakeFiles/CMakeTmp'
Building C object CMakeFiles/cmTC_dd7cf.dir/src.c.obj
/home/rawinza555/gcc-arm-none-eabi-10.3-2021.07/bin/arm-none-eabi-gcc   -DTGT_OS_TYPE_FREERTOS     -D__FREERTOS__     -D__ELF__      -mcpu=cortex-m7     -mfpu=fpv5-d16     -mfloat-abi=hard     -DUSE_HAL_DRIVER     -DSTM32H743xx     -Wall     -fdata-sections     -ffunction-sections     -mthumb      -std=c99 -DCMAKE_HAVE_LIBC_PTHREAD   -o CMakeFiles/cmTC_dd7cf.dir/src.c.obj   -c /home/rawinza555/fprime/STM32Blink/build-fprime-automatic-stm32/CMakeFiles/CMakeTmp/src.c
/home/rawinza555/fprime/STM32Blink/build-fprime-automatic-stm32/CMakeFiles/CMakeTmp/src.c: In function 'main':
/home/rawinza555/fprime/STM32Blink/build-fprime-automatic-stm32/CMakeFiles/CMakeTmp/src.c:10:3: error: unknown type name 'pthread_t'
   10 |   pthread_t thread;
      |   ^~~~~~~~~
/home/rawinza555/fprime/STM32Blink/build-fprime-automatic-stm32/CMakeFiles/CMakeTmp/src.c:11:3: warning: implicit declaration of function 'pthread_create' [-Wimplicit-function-declaration]
   11 |   pthread_create(&thread, NULL, test_func, NULL);
      |   ^~~~~~~~~~~~~~
/home/rawinza555/fprime/STM32Blink/build-fprime-automatic-stm32/CMakeFiles/CMakeTmp/src.c:12:3: warning: implicit declaration of function 'pthread_detach' [-Wimplicit-function-declaration]
   12 |   pthread_detach(thread);
      |   ^~~~~~~~~~~~~~
/home/rawinza555/fprime/STM32Blink/build-fprime-automatic-stm32/CMakeFiles/CMakeTmp/src.c:13:3: warning: implicit declaration of function 'pthread_join' [-Wimplicit-function-declaration]
   13 |   pthread_join(thread, NULL);
      |   ^~~~~~~~~~~~
/home/rawinza555/fprime/STM32Blink/build-fprime-automatic-stm32/CMakeFiles/CMakeTmp/src.c:14:3: warning: implicit declaration of function 'pthread_atfork' [-Wimplicit-function-declaration]
   14 |   pthread_atfork(NULL, NULL, NULL);
      |   ^~~~~~~~~~~~~~
/home/rawinza555/fprime/STM32Blink/build-fprime-automatic-stm32/CMakeFiles/CMakeTmp/src.c:15:3: warning: implicit declaration of function 'pthread_exit' [-Wimplicit-function-declaration]
   15 |   pthread_exit(NULL);
      |   ^~~~~~~~~~~~
make[1]: *** [CMakeFiles/cmTC_dd7cf.dir/build.make:66: CMakeFiles/cmTC_dd7cf.dir/src.c.obj] Error 1
make[1]: Leaving directory '/home/rawinza555/fprime/STM32Blink/build-fprime-automatic-stm32/CMakeFiles/CMakeTmp'
make: *** [Makefile:121: cmTC_dd7cf/fast] Error 2


Source file was:
#include <pthread.h>

void* test_func(void* data)
{
  return data;
}

int main(void)
{
  pthread_t thread;
  pthread_create(&thread, NULL, test_func, NULL);
  pthread_detach(thread);
  pthread_join(thread, NULL);
  pthread_atfork(NULL, NULL, NULL);
  pthread_exit(NULL);

  return 0;
}

