The target system is: freertos -  - arm
The host system is: Linux - 5.11.0-38-generic - x86_64
Compiling the C compiler identification source file "CMakeCCompilerId.c" succeeded.
Compiler: /home/rawinza555/gcc-arm-none-eabi-10.3-2021.07/bin/arm-none-eabi-gcc 
Build flags: -DTGT_OS_TYPE_FREERTOS;;;;;-D__FREERTOS__;;;;;-D__ELF__;;;;;;-mcpu=cortex-m7;;;;;-mfpu=fpv5-d16;;;;;-mfloat-abi=hard;;;;;-DUSE_HAL_DRIVER;;;;;-DSTM32H743xx;;;;;-Wall;;;;;-fdata-sections;;;;;-ffunction-sections;;;;;-mthumb;;;;;;-std=c99
Id flags: -c 

The output was:
0


Compilation of the C compiler identification source "CMakeCCompilerId.c" produced "CMakeCCompilerId.o"

The C compiler identification is GNU, found in "/home/rawinza555/fprime/STM32Blink/build-fprime-automatic-stm32/CMakeFiles/3.16.3/CompilerIdC/CMakeCCompilerId.o"

Compiling the CXX compiler identification source file "CMakeCXXCompilerId.cpp" succeeded.
Compiler: /home/rawinza555/gcc-arm-none-eabi-10.3-2021.07/bin/arm-none-eabi-g++ 
Build flags: -DTGT_OS_TYPE_FREERTOS;;;;;-D__FREERTOS__;;;;;-D__ELF__;;;;;;-mcpu=cortex-m7;;;;;-mfpu=fpv5-d16;;;;;-mfloat-abi=hard;;;;;-DUSE_HAL_DRIVER;;;;;-DSTM32H743xx;;;;;-Wall;;;;;-fdata-sections;;;;;-ffunction-sections;;;;;-mthumb;;;;;;-std=c++14
Id flags: -c 

The output was:
0


Compilation of the CXX compiler identification source "CMakeCXXCompilerId.cpp" produced "CMakeCXXCompilerId.o"

The CXX compiler identification is GNU, found in "/home/rawinza555/fprime/STM32Blink/build-fprime-automatic-stm32/CMakeFiles/3.16.3/CompilerIdCXX/CMakeCXXCompilerId.o"

Detecting C compiler ABI info compiled with the following output:
Change Dir: /home/rawinza555/fprime/STM32Blink/build-fprime-automatic-stm32/CMakeFiles/CMakeTmp

Run Build Command(s):/usr/bin/make cmTC_40975/fast && /usr/bin/make -f CMakeFiles/cmTC_40975.dir/build.make CMakeFiles/cmTC_40975.dir/build
make[1]: Entering directory '/home/rawinza555/fprime/STM32Blink/build-fprime-automatic-stm32/CMakeFiles/CMakeTmp'
Building C object CMakeFiles/cmTC_40975.dir/CMakeCCompilerABI.c.obj
/home/rawinza555/gcc-arm-none-eabi-10.3-2021.07/bin/arm-none-eabi-gcc   -DTGT_OS_TYPE_FREERTOS     -D__FREERTOS__     -D__ELF__      -mcpu=cortex-m7     -mfpu=fpv5-d16     -mfloat-abi=hard     -DUSE_HAL_DRIVER     -DSTM32H743xx     -Wall     -fdata-sections     -ffunction-sections     -mthumb      -std=c99    -v -o CMakeFiles/cmTC_40975.dir/CMakeCCompilerABI.c.obj   -c /usr/share/cmake-3.16/Modules/CMakeCCompilerABI.c
Using built-in specs.
COLLECT_GCC=/home/rawinza555/gcc-arm-none-eabi-10.3-2021.07/bin/arm-none-eabi-gcc
Target: arm-none-eabi
Configured with: /mnt/workspace/workspace/GCC-10-pipeline/jenkins-GCC-10-pipeline-260_20210727_1627371386/src/gcc/configure --target=arm-none-eabi --prefix=/mnt/workspace/workspace/GCC-10-pipeline/jenkins-GCC-10-pipeline-260_20210727_1627371386/install-native --libexecdir=/mnt/workspace/workspace/GCC-10-pipeline/jenkins-GCC-10-pipeline-260_20210727_1627371386/install-native/lib --infodir=/mnt/workspace/workspace/GCC-10-pipeline/jenkins-GCC-10-pipeline-260_20210727_1627371386/install-native/share/doc/gcc-arm-none-eabi/info --mandir=/mnt/workspace/workspace/GCC-10-pipeline/jenkins-GCC-10-pipeline-260_20210727_1627371386/install-native/share/doc/gcc-arm-none-eabi/man --htmldir=/mnt/workspace/workspace/GCC-10-pipeline/jenkins-GCC-10-pipeline-260_20210727_1627371386/install-native/share/doc/gcc-arm-none-eabi/html --pdfdir=/mnt/workspace/workspace/GCC-10-pipeline/jenkins-GCC-10-pipeline-260_20210727_1627371386/install-native/share/doc/gcc-arm-none-eabi/pdf --enable-languages=c,c++ --enable-plugins --disable-decimal-float --disable-libffi --disable-libgomp --disable-libmudflap --disable-libquadmath --disable-libssp --disable-libstdcxx-pch --disable-nls --disable-shared --disable-threads --disable-tls --with-gnu-as --with-gnu-ld --with-newlib --with-headers=yes --with-python-dir=share/gcc-arm-none-eabi --with-sysroot=/mnt/workspace/workspace/GCC-10-pipeline/jenkins-GCC-10-pipeline-260_20210727_1627371386/install-native/arm-none-eabi --build=x86_64-linux-gnu --host=x86_64-linux-gnu --with-gmp=/mnt/workspace/workspace/GCC-10-pipeline/jenkins-GCC-10-pipeline-260_20210727_1627371386/build-native/host-libs/usr --with-mpfr=/mnt/workspace/workspace/GCC-10-pipeline/jenkins-GCC-10-pipeline-260_20210727_1627371386/build-native/host-libs/usr --with-mpc=/mnt/workspace/workspace/GCC-10-pipeline/jenkins-GCC-10-pipeline-260_20210727_1627371386/build-native/host-libs/usr --with-isl=/mnt/workspace/workspace/GCC-10-pipeline/jenkins-GCC-10-pipeline-260_20210727_1627371386/build-native/host-libs/usr --with-libelf=/mnt/workspace/workspace/GCC-10-pipeline/jenkins-GCC-10-pipeline-260_20210727_1627371386/build-native/host-libs/usr --with-host-libstdcxx='-static-libgcc -Wl,-Bstatic,-lstdc++,-Bdynamic -lm' --with-pkgversion='GNU Arm Embedded Toolchain 10.3-2021.07' --with-multilib-list=rmprofile,aprofile
Thread model: single
Supported LTO compression algorithms: zlib
gcc version 10.3.1 20210621 (release) (GNU Arm Embedded Toolchain 10.3-2021.07) 
COLLECT_GCC_OPTIONS='-D' 'TGT_OS_TYPE_FREERTOS' '-D' '__FREERTOS__' '-D' '__ELF__' '-mcpu=cortex-m7' '-mfpu=fpv5-d16' '-mfloat-abi=hard' '-D' 'USE_HAL_DRIVER' '-D' 'STM32H743xx' '-Wall' '-fdata-sections' '-ffunction-sections' '-mthumb' '-std=c99' '-v' '-o' 'CMakeFiles/cmTC_40975.dir/CMakeCCompilerABI.c.obj' '-c' '-mlibarch=armv7e-m+fp.dp' '-march=armv7e-m+fp.dp'
 /home/rawinza555/gcc-arm-none-eabi-10.3-2021.07/bin/../lib/gcc/arm-none-eabi/10.3.1/cc1 -quiet -v -imultilib thumb/v7e-m+dp/hard -iprefix /home/rawinza555/gcc-arm-none-eabi-10.3-2021.07/bin/../lib/gcc/arm-none-eabi/10.3.1/ -isysroot /home/rawinza555/gcc-arm-none-eabi-10.3-2021.07/bin/../arm-none-eabi -D__USES_INITFINI__ -D TGT_OS_TYPE_FREERTOS -D __FREERTOS__ -D __ELF__ -D USE_HAL_DRIVER -D STM32H743xx /usr/share/cmake-3.16/Modules/CMakeCCompilerABI.c -quiet -dumpbase CMakeCCompilerABI.c -mcpu=cortex-m7 -mfpu=fpv5-d16 -mfloat-abi=hard -mthumb -mlibarch=armv7e-m+fp.dp -march=armv7e-m+fp.dp -auxbase-strip CMakeFiles/cmTC_40975.dir/CMakeCCompilerABI.c.obj -Wall -std=c99 -version -fdata-sections -ffunction-sections -o /tmp/ccc6ASbJ.s
GNU C99 (GNU Arm Embedded Toolchain 10.3-2021.07) version 10.3.1 20210621 (release) (arm-none-eabi)
	compiled by GNU C version 4.8.4, GMP version 6.1.0, MPFR version 3.1.4, MPC version 1.0.3, isl version isl-0.18-GMP

GGC heuristics: --param ggc-min-expand=100 --param ggc-min-heapsize=131072
ignoring duplicate directory "/home/rawinza555/gcc-arm-none-eabi-10.3-2021.07/bin/../lib/gcc/../../lib/gcc/arm-none-eabi/10.3.1/include"
ignoring nonexistent directory "/home/rawinza555/gcc-arm-none-eabi-10.3-2021.07/bin/../arm-none-eabi/usr/local/include"
ignoring duplicate directory "/home/rawinza555/gcc-arm-none-eabi-10.3-2021.07/bin/../lib/gcc/../../lib/gcc/arm-none-eabi/10.3.1/include-fixed"
ignoring duplicate directory "/home/rawinza555/gcc-arm-none-eabi-10.3-2021.07/bin/../lib/gcc/../../lib/gcc/arm-none-eabi/10.3.1/../../../../arm-none-eabi/include"
ignoring nonexistent directory "/home/rawinza555/gcc-arm-none-eabi-10.3-2021.07/bin/../arm-none-eabi/usr/include"
#include "..." search starts here:
#include <...> search starts here:
 /home/rawinza555/gcc-arm-none-eabi-10.3-2021.07/bin/../lib/gcc/arm-none-eabi/10.3.1/include
 /home/rawinza555/gcc-arm-none-eabi-10.3-2021.07/bin/../lib/gcc/arm-none-eabi/10.3.1/include-fixed
 /home/rawinza555/gcc-arm-none-eabi-10.3-2021.07/bin/../lib/gcc/arm-none-eabi/10.3.1/../../../../arm-none-eabi/include
End of search list.
GNU C99 (GNU Arm Embedded Toolchain 10.3-2021.07) version 10.3.1 20210621 (release) (arm-none-eabi)
	compiled by GNU C version 4.8.4, GMP version 6.1.0, MPFR version 3.1.4, MPC version 1.0.3, isl version isl-0.18-GMP

GGC heuristics: --param ggc-min-expand=100 --param ggc-min-heapsize=131072
Compiler executable checksum: 0ae10b4fdb68a799c7765007746184f2
COLLECT_GCC_OPTIONS='-D' 'TGT_OS_TYPE_FREERTOS' '-D' '__FREERTOS__' '-D' '__ELF__' '-mcpu=cortex-m7' '-mfpu=fpv5-d16' '-mfloat-abi=hard' '-D' 'USE_HAL_DRIVER' '-D' 'STM32H743xx' '-Wall' '-fdata-sections' '-ffunction-sections' '-mthumb' '-std=c99' '-v' '-o' 'CMakeFiles/cmTC_40975.dir/CMakeCCompilerABI.c.obj' '-c' '-mlibarch=armv7e-m+fp.dp' '-march=armv7e-m+fp.dp'
 /home/rawinza555/gcc-arm-none-eabi-10.3-2021.07/bin/../lib/gcc/arm-none-eabi/10.3.1/../../../../arm-none-eabi/bin/as -v -march=armv7e-m -mfloat-abi=hard -mfpu=fpv5-d16 -meabi=5 -o CMakeFiles/cmTC_40975.dir/CMakeCCompilerABI.c.obj /tmp/ccc6ASbJ.s
GNU assembler version 2.36.1 (arm-none-eabi) using BFD version (GNU Arm Embedded Toolchain 10.3-2021.07) 2.36.1.20210621
COMPILER_PATH=/home/rawinza555/gcc-arm-none-eabi-10.3-2021.07/bin/../lib/gcc/arm-none-eabi/10.3.1/:/home/rawinza555/gcc-arm-none-eabi-10.3-2021.07/bin/../lib/gcc/:/home/rawinza555/gcc-arm-none-eabi-10.3-2021.07/bin/../lib/gcc/arm-none-eabi/10.3.1/../../../../arm-none-eabi/bin/
LIBRARY_PATH=/home/rawinza555/gcc-arm-none-eabi-10.3-2021.07/bin/../lib/gcc/arm-none-eabi/10.3.1/thumb/v7e-m+dp/hard/:/home/rawinza555/gcc-arm-none-eabi-10.3-2021.07/bin/../lib/gcc/arm-none-eabi/10.3.1/../../../../arm-none-eabi/lib/thumb/v7e-m+dp/hard/:/home/rawinza555/gcc-arm-none-eabi-10.3-2021.07/bin/../arm-none-eabi/lib/thumb/v7e-m+dp/hard/:/home/rawinza555/gcc-arm-none-eabi-10.3-2021.07/bin/../lib/gcc/arm-none-eabi/10.3.1/:/home/rawinza555/gcc-arm-none-eabi-10.3-2021.07/bin/../lib/gcc/:/home/rawinza555/gcc-arm-none-eabi-10.3-2021.07/bin/../lib/gcc/arm-none-eabi/10.3.1/../../../../arm-none-eabi/lib/:/home/rawinza555/gcc-arm-none-eabi-10.3-2021.07/bin/../arm-none-eabi/lib/
COLLECT_GCC_OPTIONS='-D' 'TGT_OS_TYPE_FREERTOS' '-D' '__FREERTOS__' '-D' '__ELF__' '-mcpu=cortex-m7' '-mfpu=fpv5-d16' '-mfloat-abi=hard' '-D' 'USE_HAL_DRIVER' '-D' 'STM32H743xx' '-Wall' '-fdata-sections' '-ffunction-sections' '-mthumb' '-std=c99' '-v' '-o' 'CMakeFiles/cmTC_40975.dir/CMakeCCompilerABI.c.obj' '-c' '-mlibarch=armv7e-m+fp.dp' '-march=armv7e-m+fp.dp'
Linking C static library libcmTC_40975.a
/usr/bin/cmake -P CMakeFiles/cmTC_40975.dir/cmake_clean_target.cmake
/usr/bin/cmake -E cmake_link_script CMakeFiles/cmTC_40975.dir/link.txt --verbose=1
/home/rawinza555/gcc-arm-none-eabi-10.3-2021.07/bin/arm-none-eabi-ar qc libcmTC_40975.a  CMakeFiles/cmTC_40975.dir/CMakeCCompilerABI.c.obj
/home/rawinza555/gcc-arm-none-eabi-10.3-2021.07/bin/arm-none-eabi-ranlib libcmTC_40975.a
make[1]: Leaving directory '/home/rawinza555/fprime/STM32Blink/build-fprime-automatic-stm32/CMakeFiles/CMakeTmp'



Parsed C implicit include dir info from above output: rv=done
  found start of include info
  found start of implicit include info
    add: [/home/rawinza555/gcc-arm-none-eabi-10.3-2021.07/bin/../lib/gcc/arm-none-eabi/10.3.1/include]
    add: [/home/rawinza555/gcc-arm-none-eabi-10.3-2021.07/bin/../lib/gcc/arm-none-eabi/10.3.1/include-fixed]
    add: [/home/rawinza555/gcc-arm-none-eabi-10.3-2021.07/bin/../lib/gcc/arm-none-eabi/10.3.1/../../../../arm-none-eabi/include]
  end of search list found
  collapse include dir [/home/rawinza555/gcc-arm-none-eabi-10.3-2021.07/bin/../lib/gcc/arm-none-eabi/10.3.1/include] ==> [/home/rawinza555/gcc-arm-none-eabi-10.3-2021.07/lib/gcc/arm-none-eabi/10.3.1/include]
  collapse include dir [/home/rawinza555/gcc-arm-none-eabi-10.3-2021.07/bin/../lib/gcc/arm-none-eabi/10.3.1/include-fixed] ==> [/home/rawinza555/gcc-arm-none-eabi-10.3-2021.07/lib/gcc/arm-none-eabi/10.3.1/include-fixed]
  collapse include dir [/home/rawinza555/gcc-arm-none-eabi-10.3-2021.07/bin/../lib/gcc/arm-none-eabi/10.3.1/../../../../arm-none-eabi/include] ==> [/home/rawinza555/gcc-arm-none-eabi-10.3-2021.07/arm-none-eabi/include]
  implicit include dirs: [/home/rawinza555/gcc-arm-none-eabi-10.3-2021.07/lib/gcc/arm-none-eabi/10.3.1/include;/home/rawinza555/gcc-arm-none-eabi-10.3-2021.07/lib/gcc/arm-none-eabi/10.3.1/include-fixed;/home/rawinza555/gcc-arm-none-eabi-10.3-2021.07/arm-none-eabi/include]


Parsed C implicit link information from above output:
  link line regex: [^( *|.*[/\])(arm-none-eabi-ld|CMAKE_LINK_STARTFILE-NOTFOUND|([^/\]+-)?ld|collect2)[^/\]*( |$)]
  ignore line: [Change Dir: /home/rawinza555/fprime/STM32Blink/build-fprime-automatic-stm32/CMakeFiles/CMakeTmp]
  ignore line: []
  ignore line: [Run Build Command(s):/usr/bin/make cmTC_40975/fast && /usr/bin/make -f CMakeFiles/cmTC_40975.dir/build.make CMakeFiles/cmTC_40975.dir/build]
  ignore line: [make[1]: Entering directory '/home/rawinza555/fprime/STM32Blink/build-fprime-automatic-stm32/CMakeFiles/CMakeTmp']
  ignore line: [Building C object CMakeFiles/cmTC_40975.dir/CMakeCCompilerABI.c.obj]
  ignore line: [/home/rawinza555/gcc-arm-none-eabi-10.3-2021.07/bin/arm-none-eabi-gcc   -DTGT_OS_TYPE_FREERTOS     -D__FREERTOS__     -D__ELF__      -mcpu=cortex-m7     -mfpu=fpv5-d16     -mfloat-abi=hard     -DUSE_HAL_DRIVER     -DSTM32H743xx     -Wall     -fdata-sections     -ffunction-sections     -mthumb      -std=c99    -v -o CMakeFiles/cmTC_40975.dir/CMakeCCompilerABI.c.obj   -c /usr/share/cmake-3.16/Modules/CMakeCCompilerABI.c]
  ignore line: [Using built-in specs.]
  ignore line: [COLLECT_GCC=/home/rawinza555/gcc-arm-none-eabi-10.3-2021.07/bin/arm-none-eabi-gcc]
  ignore line: [Target: arm-none-eabi]
  ignore line: [Configured with: /mnt/workspace/workspace/GCC-10-pipeline/jenkins-GCC-10-pipeline-260_20210727_1627371386/src/gcc/configure --target=arm-none-eabi --prefix=/mnt/workspace/workspace/GCC-10-pipeline/jenkins-GCC-10-pipeline-260_20210727_1627371386/install-native --libexecdir=/mnt/workspace/workspace/GCC-10-pipeline/jenkins-GCC-10-pipeline-260_20210727_1627371386/install-native/lib --infodir=/mnt/workspace/workspace/GCC-10-pipeline/jenkins-GCC-10-pipeline-260_20210727_1627371386/install-native/share/doc/gcc-arm-none-eabi/info --mandir=/mnt/workspace/workspace/GCC-10-pipeline/jenkins-GCC-10-pipeline-260_20210727_1627371386/install-native/share/doc/gcc-arm-none-eabi/man --htmldir=/mnt/workspace/workspace/GCC-10-pipeline/jenkins-GCC-10-pipeline-260_20210727_1627371386/install-native/share/doc/gcc-arm-none-eabi/html --pdfdir=/mnt/workspace/workspace/GCC-10-pipeline/jenkins-GCC-10-pipeline-260_20210727_1627371386/install-native/share/doc/gcc-arm-none-eabi/pdf --enable-languages=c,c++ --enable-plugins --disable-decimal-float --disable-libffi --disable-libgomp --disable-libmudflap --disable-libquadmath --disable-libssp --disable-libstdcxx-pch --disable-nls --disable-shared --disable-threads --disable-tls --with-gnu-as --with-gnu-ld --with-newlib --with-headers=yes --with-python-dir=share/gcc-arm-none-eabi --with-sysroot=/mnt/workspace/workspace/GCC-10-pipeline/jenkins-GCC-10-pipeline-260_20210727_1627371386/install-native/arm-none-eabi --build=x86_64-linux-gnu --host=x86_64-linux-gnu --with-gmp=/mnt/workspace/workspace/GCC-10-pipeline/jenkins-GCC-10-pipeline-260_20210727_1627371386/build-native/host-libs/usr --with-mpfr=/mnt/workspace/workspace/GCC-10-pipeline/jenkins-GCC-10-pipeline-260_20210727_1627371386/build-native/host-libs/usr --with-mpc=/mnt/workspace/workspace/GCC-10-pipeline/jenkins-GCC-10-pipeline-260_20210727_1627371386/build-native/host-libs/usr --with-isl=/mnt/workspace/workspace/GCC-10-pipeline/jenkins-GCC-10-pipeline-260_20210727_1627371386/build-native/host-libs/usr --with-libelf=/mnt/workspace/workspace/GCC-10-pipeline/jenkins-GCC-10-pipeline-260_20210727_1627371386/build-native/host-libs/usr --with-host-libstdcxx='-static-libgcc -Wl,-Bstatic,-lstdc++,-Bdynamic -lm' --with-pkgversion='GNU Arm Embedded Toolchain 10.3-2021.07' --with-multilib-list=rmprofile,aprofile]
  ignore line: [Thread model: single]
  ignore line: [Supported LTO compression algorithms: zlib]
  ignore line: [gcc version 10.3.1 20210621 (release) (GNU Arm Embedded Toolchain 10.3-2021.07) ]
  ignore line: [COLLECT_GCC_OPTIONS='-D' 'TGT_OS_TYPE_FREERTOS' '-D' '__FREERTOS__' '-D' '__ELF__' '-mcpu=cortex-m7' '-mfpu=fpv5-d16' '-mfloat-abi=hard' '-D' 'USE_HAL_DRIVER' '-D' 'STM32H743xx' '-Wall' '-fdata-sections' '-ffunction-sections' '-mthumb' '-std=c99' '-v' '-o' 'CMakeFiles/cmTC_40975.dir/CMakeCCompilerABI.c.obj' '-c' '-mlibarch=armv7e-m+fp.dp' '-march=armv7e-m+fp.dp']
  ignore line: [ /home/rawinza555/gcc-arm-none-eabi-10.3-2021.07/bin/../lib/gcc/arm-none-eabi/10.3.1/cc1 -quiet -v -imultilib thumb/v7e-m+dp/hard -iprefix /home/rawinza555/gcc-arm-none-eabi-10.3-2021.07/bin/../lib/gcc/arm-none-eabi/10.3.1/ -isysroot /home/rawinza555/gcc-arm-none-eabi-10.3-2021.07/bin/../arm-none-eabi -D__USES_INITFINI__ -D TGT_OS_TYPE_FREERTOS -D __FREERTOS__ -D __ELF__ -D USE_HAL_DRIVER -D STM32H743xx /usr/share/cmake-3.16/Modules/CMakeCCompilerABI.c -quiet -dumpbase CMakeCCompilerABI.c -mcpu=cortex-m7 -mfpu=fpv5-d16 -mfloat-abi=hard -mthumb -mlibarch=armv7e-m+fp.dp -march=armv7e-m+fp.dp -auxbase-strip CMakeFiles/cmTC_40975.dir/CMakeCCompilerABI.c.obj -Wall -std=c99 -version -fdata-sections -ffunction-sections -o /tmp/ccc6ASbJ.s]
  ignore line: [GNU C99 (GNU Arm Embedded Toolchain 10.3-2021.07) version 10.3.1 20210621 (release) (arm-none-eabi)]
  ignore line: [	compiled by GNU C version 4.8.4  GMP version 6.1.0  MPFR version 3.1.4  MPC version 1.0.3  isl version isl-0.18-GMP]
  ignore line: []
  ignore line: [GGC heuristics: --param ggc-min-expand=100 --param ggc-min-heapsize=131072]
  ignore line: [ignoring duplicate directory "/home/rawinza555/gcc-arm-none-eabi-10.3-2021.07/bin/../lib/gcc/../../lib/gcc/arm-none-eabi/10.3.1/include"]
  ignore line: [ignoring nonexistent directory "/home/rawinza555/gcc-arm-none-eabi-10.3-2021.07/bin/../arm-none-eabi/usr/local/include"]
  ignore line: [ignoring duplicate directory "/home/rawinza555/gcc-arm-none-eabi-10.3-2021.07/bin/../lib/gcc/../../lib/gcc/arm-none-eabi/10.3.1/include-fixed"]
  ignore line: [ignoring duplicate directory "/home/rawinza555/gcc-arm-none-eabi-10.3-2021.07/bin/../lib/gcc/../../lib/gcc/arm-none-eabi/10.3.1/../../../../arm-none-eabi/include"]
  ignore line: [ignoring nonexistent directory "/home/rawinza555/gcc-arm-none-eabi-10.3-2021.07/bin/../arm-none-eabi/usr/include"]
  ignore line: [#include "..." search starts here:]
  ignore line: [#include <...> search starts here:]
  ignore line: [ /home/rawinza555/gcc-arm-none-eabi-10.3-2021.07/bin/../lib/gcc/arm-none-eabi/10.3.1/include]
  ignore line: [ /home/rawinza555/gcc-arm-none-eabi-10.3-2021.07/bin/../lib/gcc/arm-none-eabi/10.3.1/include-fixed]
  ignore line: [ /home/rawinza555/gcc-arm-none-eabi-10.3-2021.07/bin/../lib/gcc/arm-none-eabi/10.3.1/../../../../arm-none-eabi/include]
  ignore line: [End of search list.]
  ignore line: [GNU C99 (GNU Arm Embedded Toolchain 10.3-2021.07) version 10.3.1 20210621 (release) (arm-none-eabi)]
  ignore line: [	compiled by GNU C version 4.8.4  GMP version 6.1.0  MPFR version 3.1.4  MPC version 1.0.3  isl version isl-0.18-GMP]
  ignore line: []
  ignore line: [GGC heuristics: --param ggc-min-expand=100 --param ggc-min-heapsize=131072]
  ignore line: [Compiler executable checksum: 0ae10b4fdb68a799c7765007746184f2]
  ignore line: [COLLECT_GCC_OPTIONS='-D' 'TGT_OS_TYPE_FREERTOS' '-D' '__FREERTOS__' '-D' '__ELF__' '-mcpu=cortex-m7' '-mfpu=fpv5-d16' '-mfloat-abi=hard' '-D' 'USE_HAL_DRIVER' '-D' 'STM32H743xx' '-Wall' '-fdata-sections' '-ffunction-sections' '-mthumb' '-std=c99' '-v' '-o' 'CMakeFiles/cmTC_40975.dir/CMakeCCompilerABI.c.obj' '-c' '-mlibarch=armv7e-m+fp.dp' '-march=armv7e-m+fp.dp']
  ignore line: [ /home/rawinza555/gcc-arm-none-eabi-10.3-2021.07/bin/../lib/gcc/arm-none-eabi/10.3.1/../../../../arm-none-eabi/bin/as -v -march=armv7e-m -mfloat-abi=hard -mfpu=fpv5-d16 -meabi=5 -o CMakeFiles/cmTC_40975.dir/CMakeCCompilerABI.c.obj /tmp/ccc6ASbJ.s]
  ignore line: [GNU assembler version 2.36.1 (arm-none-eabi) using BFD version (GNU Arm Embedded Toolchain 10.3-2021.07) 2.36.1.20210621]
  ignore line: [COMPILER_PATH=/home/rawinza555/gcc-arm-none-eabi-10.3-2021.07/bin/../lib/gcc/arm-none-eabi/10.3.1/:/home/rawinza555/gcc-arm-none-eabi-10.3-2021.07/bin/../lib/gcc/:/home/rawinza555/gcc-arm-none-eabi-10.3-2021.07/bin/../lib/gcc/arm-none-eabi/10.3.1/../../../../arm-none-eabi/bin/]
  ignore line: [LIBRARY_PATH=/home/rawinza555/gcc-arm-none-eabi-10.3-2021.07/bin/../lib/gcc/arm-none-eabi/10.3.1/thumb/v7e-m+dp/hard/:/home/rawinza555/gcc-arm-none-eabi-10.3-2021.07/bin/../lib/gcc/arm-none-eabi/10.3.1/../../../../arm-none-eabi/lib/thumb/v7e-m+dp/hard/:/home/rawinza555/gcc-arm-none-eabi-10.3-2021.07/bin/../arm-none-eabi/lib/thumb/v7e-m+dp/hard/:/home/rawinza555/gcc-arm-none-eabi-10.3-2021.07/bin/../lib/gcc/arm-none-eabi/10.3.1/:/home/rawinza555/gcc-arm-none-eabi-10.3-2021.07/bin/../lib/gcc/:/home/rawinza555/gcc-arm-none-eabi-10.3-2021.07/bin/../lib/gcc/arm-none-eabi/10.3.1/../../../../arm-none-eabi/lib/:/home/rawinza555/gcc-arm-none-eabi-10.3-2021.07/bin/../arm-none-eabi/lib/]
  ignore line: [COLLECT_GCC_OPTIONS='-D' 'TGT_OS_TYPE_FREERTOS' '-D' '__FREERTOS__' '-D' '__ELF__' '-mcpu=cortex-m7' '-mfpu=fpv5-d16' '-mfloat-abi=hard' '-D' 'USE_HAL_DRIVER' '-D' 'STM32H743xx' '-Wall' '-fdata-sections' '-ffunction-sections' '-mthumb' '-std=c99' '-v' '-o' 'CMakeFiles/cmTC_40975.dir/CMakeCCompilerABI.c.obj' '-c' '-mlibarch=armv7e-m+fp.dp' '-march=armv7e-m+fp.dp']
  ignore line: [Linking C static library libcmTC_40975.a]
  ignore line: [/usr/bin/cmake -P CMakeFiles/cmTC_40975.dir/cmake_clean_target.cmake]
  ignore line: [/usr/bin/cmake -E cmake_link_script CMakeFiles/cmTC_40975.dir/link.txt --verbose=1]
  ignore line: [/home/rawinza555/gcc-arm-none-eabi-10.3-2021.07/bin/arm-none-eabi-ar qc libcmTC_40975.a  CMakeFiles/cmTC_40975.dir/CMakeCCompilerABI.c.obj]
  ignore line: [/home/rawinza555/gcc-arm-none-eabi-10.3-2021.07/bin/arm-none-eabi-ranlib libcmTC_40975.a]
  ignore line: [make[1]: Leaving directory '/home/rawinza555/fprime/STM32Blink/build-fprime-automatic-stm32/CMakeFiles/CMakeTmp']
  ignore line: []
  ignore line: []
  implicit libs: []
  implicit dirs: []
  implicit fwks: []


Detecting CXX compiler ABI info compiled with the following output:
Change Dir: /home/rawinza555/fprime/STM32Blink/build-fprime-automatic-stm32/CMakeFiles/CMakeTmp

Run Build Command(s):/usr/bin/make cmTC_ac2e1/fast && /usr/bin/make -f CMakeFiles/cmTC_ac2e1.dir/build.make CMakeFiles/cmTC_ac2e1.dir/build
make[1]: Entering directory '/home/rawinza555/fprime/STM32Blink/build-fprime-automatic-stm32/CMakeFiles/CMakeTmp'
Building CXX object CMakeFiles/cmTC_ac2e1.dir/CMakeCXXCompilerABI.cpp.obj
/home/rawinza555/gcc-arm-none-eabi-10.3-2021.07/bin/arm-none-eabi-g++    -DTGT_OS_TYPE_FREERTOS     -D__FREERTOS__     -D__ELF__      -mcpu=cortex-m7     -mfpu=fpv5-d16     -mfloat-abi=hard     -DUSE_HAL_DRIVER     -DSTM32H743xx     -Wall     -fdata-sections     -ffunction-sections     -mthumb      -std=c++14    -v -o CMakeFiles/cmTC_ac2e1.dir/CMakeCXXCompilerABI.cpp.obj -c /usr/share/cmake-3.16/Modules/CMakeCXXCompilerABI.cpp
Using built-in specs.
COLLECT_GCC=/home/rawinza555/gcc-arm-none-eabi-10.3-2021.07/bin/arm-none-eabi-g++
Target: arm-none-eabi
Configured with: /mnt/workspace/workspace/GCC-10-pipeline/jenkins-GCC-10-pipeline-260_20210727_1627371386/src/gcc/configure --target=arm-none-eabi --prefix=/mnt/workspace/workspace/GCC-10-pipeline/jenkins-GCC-10-pipeline-260_20210727_1627371386/install-native --libexecdir=/mnt/workspace/workspace/GCC-10-pipeline/jenkins-GCC-10-pipeline-260_20210727_1627371386/install-native/lib --infodir=/mnt/workspace/workspace/GCC-10-pipeline/jenkins-GCC-10-pipeline-260_20210727_1627371386/install-native/share/doc/gcc-arm-none-eabi/info --mandir=/mnt/workspace/workspace/GCC-10-pipeline/jenkins-GCC-10-pipeline-260_20210727_1627371386/install-native/share/doc/gcc-arm-none-eabi/man --htmldir=/mnt/workspace/workspace/GCC-10-pipeline/jenkins-GCC-10-pipeline-260_20210727_1627371386/install-native/share/doc/gcc-arm-none-eabi/html --pdfdir=/mnt/workspace/workspace/GCC-10-pipeline/jenkins-GCC-10-pipeline-260_20210727_1627371386/install-native/share/doc/gcc-arm-none-eabi/pdf --enable-languages=c,c++ --enable-plugins --disable-decimal-float --disable-libffi --disable-libgomp --disable-libmudflap --disable-libquadmath --disable-libssp --disable-libstdcxx-pch --disable-nls --disable-shared --disable-threads --disable-tls --with-gnu-as --with-gnu-ld --with-newlib --with-headers=yes --with-python-dir=share/gcc-arm-none-eabi --with-sysroot=/mnt/workspace/workspace/GCC-10-pipeline/jenkins-GCC-10-pipeline-260_20210727_1627371386/install-native/arm-none-eabi --build=x86_64-linux-gnu --host=x86_64-linux-gnu --with-gmp=/mnt/workspace/workspace/GCC-10-pipeline/jenkins-GCC-10-pipeline-260_20210727_1627371386/build-native/host-libs/usr --with-mpfr=/mnt/workspace/workspace/GCC-10-pipeline/jenkins-GCC-10-pipeline-260_20210727_1627371386/build-native/host-libs/usr --with-mpc=/mnt/workspace/workspace/GCC-10-pipeline/jenkins-GCC-10-pipeline-260_20210727_1627371386/build-native/host-libs/usr --with-isl=/mnt/workspace/workspace/GCC-10-pipeline/jenkins-GCC-10-pipeline-260_20210727_1627371386/build-native/host-libs/usr --with-libelf=/mnt/workspace/workspace/GCC-10-pipeline/jenkins-GCC-10-pipeline-260_20210727_1627371386/build-native/host-libs/usr --with-host-libstdcxx='-static-libgcc -Wl,-Bstatic,-lstdc++,-Bdynamic -lm' --with-pkgversion='GNU Arm Embedded Toolchain 10.3-2021.07' --with-multilib-list=rmprofile,aprofile
Thread model: single
Supported LTO compression algorithms: zlib
gcc version 10.3.1 20210621 (release) (GNU Arm Embedded Toolchain 10.3-2021.07) 
COLLECT_GCC_OPTIONS='-D' 'TGT_OS_TYPE_FREERTOS' '-D' '__FREERTOS__' '-D' '__ELF__' '-mcpu=cortex-m7' '-mfpu=fpv5-d16' '-mfloat-abi=hard' '-D' 'USE_HAL_DRIVER' '-D' 'STM32H743xx' '-Wall' '-fdata-sections' '-ffunction-sections' '-mthumb' '-std=c++14' '-v' '-o' 'CMakeFiles/cmTC_ac2e1.dir/CMakeCXXCompilerABI.cpp.obj' '-c' '-mlibarch=armv7e-m+fp.dp' '-march=armv7e-m+fp.dp'
 /home/rawinza555/gcc-arm-none-eabi-10.3-2021.07/bin/../lib/gcc/arm-none-eabi/10.3.1/cc1plus -quiet -v -imultilib thumb/v7e-m+dp/hard -iprefix /home/rawinza555/gcc-arm-none-eabi-10.3-2021.07/bin/../lib/gcc/arm-none-eabi/10.3.1/ -isysroot /home/rawinza555/gcc-arm-none-eabi-10.3-2021.07/bin/../arm-none-eabi -D__USES_INITFINI__ -D TGT_OS_TYPE_FREERTOS -D __FREERTOS__ -D __ELF__ -D USE_HAL_DRIVER -D STM32H743xx /usr/share/cmake-3.16/Modules/CMakeCXXCompilerABI.cpp -quiet -dumpbase CMakeCXXCompilerABI.cpp -mcpu=cortex-m7 -mfpu=fpv5-d16 -mfloat-abi=hard -mthumb -mlibarch=armv7e-m+fp.dp -march=armv7e-m+fp.dp -auxbase-strip CMakeFiles/cmTC_ac2e1.dir/CMakeCXXCompilerABI.cpp.obj -Wall -std=c++14 -version -fdata-sections -ffunction-sections -o /tmp/ccRmAAZG.s
GNU C++14 (GNU Arm Embedded Toolchain 10.3-2021.07) version 10.3.1 20210621 (release) (arm-none-eabi)
	compiled by GNU C version 4.8.4, GMP version 6.1.0, MPFR version 3.1.4, MPC version 1.0.3, isl version isl-0.18-GMP

GGC heuristics: --param ggc-min-expand=100 --param ggc-min-heapsize=131072
ignoring duplicate directory "/home/rawinza555/gcc-arm-none-eabi-10.3-2021.07/bin/../lib/gcc/../../lib/gcc/arm-none-eabi/10.3.1/../../../../arm-none-eabi/include/c++/10.3.1"
ignoring duplicate directory "/home/rawinza555/gcc-arm-none-eabi-10.3-2021.07/bin/../lib/gcc/../../lib/gcc/arm-none-eabi/10.3.1/../../../../arm-none-eabi/include/c++/10.3.1/arm-none-eabi/thumb/v7e-m+dp/hard"
ignoring duplicate directory "/home/rawinza555/gcc-arm-none-eabi-10.3-2021.07/bin/../lib/gcc/../../lib/gcc/arm-none-eabi/10.3.1/../../../../arm-none-eabi/include/c++/10.3.1/backward"
ignoring duplicate directory "/home/rawinza555/gcc-arm-none-eabi-10.3-2021.07/bin/../lib/gcc/../../lib/gcc/arm-none-eabi/10.3.1/include"
ignoring nonexistent directory "/home/rawinza555/gcc-arm-none-eabi-10.3-2021.07/bin/../arm-none-eabi/usr/local/include"
ignoring duplicate directory "/home/rawinza555/gcc-arm-none-eabi-10.3-2021.07/bin/../lib/gcc/../../lib/gcc/arm-none-eabi/10.3.1/include-fixed"
ignoring duplicate directory "/home/rawinza555/gcc-arm-none-eabi-10.3-2021.07/bin/../lib/gcc/../../lib/gcc/arm-none-eabi/10.3.1/../../../../arm-none-eabi/include"
ignoring nonexistent directory "/home/rawinza555/gcc-arm-none-eabi-10.3-2021.07/bin/../arm-none-eabi/usr/include"
#include "..." search starts here:
#include <...> search starts here:
 /home/rawinza555/gcc-arm-none-eabi-10.3-2021.07/bin/../lib/gcc/arm-none-eabi/10.3.1/../../../../arm-none-eabi/include/c++/10.3.1
 /home/rawinza555/gcc-arm-none-eabi-10.3-2021.07/bin/../lib/gcc/arm-none-eabi/10.3.1/../../../../arm-none-eabi/include/c++/10.3.1/arm-none-eabi/thumb/v7e-m+dp/hard
 /home/rawinza555/gcc-arm-none-eabi-10.3-2021.07/bin/../lib/gcc/arm-none-eabi/10.3.1/../../../../arm-none-eabi/include/c++/10.3.1/backward
 /home/rawinza555/gcc-arm-none-eabi-10.3-2021.07/bin/../lib/gcc/arm-none-eabi/10.3.1/include
 /home/rawinza555/gcc-arm-none-eabi-10.3-2021.07/bin/../lib/gcc/arm-none-eabi/10.3.1/include-fixed
 /home/rawinza555/gcc-arm-none-eabi-10.3-2021.07/bin/../lib/gcc/arm-none-eabi/10.3.1/../../../../arm-none-eabi/include
End of search list.
GNU C++14 (GNU Arm Embedded Toolchain 10.3-2021.07) version 10.3.1 20210621 (release) (arm-none-eabi)
	compiled by GNU C version 4.8.4, GMP version 6.1.0, MPFR version 3.1.4, MPC version 1.0.3, isl version isl-0.18-GMP

GGC heuristics: --param ggc-min-expand=100 --param ggc-min-heapsize=131072
Compiler executable checksum: b20f86d509d185d6d42f26d50b8ff0e6
COLLECT_GCC_OPTIONS='-D' 'TGT_OS_TYPE_FREERTOS' '-D' '__FREERTOS__' '-D' '__ELF__' '-mcpu=cortex-m7' '-mfpu=fpv5-d16' '-mfloat-abi=hard' '-D' 'USE_HAL_DRIVER' '-D' 'STM32H743xx' '-Wall' '-fdata-sections' '-ffunction-sections' '-mthumb' '-std=c++14' '-v' '-o' 'CMakeFiles/cmTC_ac2e1.dir/CMakeCXXCompilerABI.cpp.obj' '-c' '-mlibarch=armv7e-m+fp.dp' '-march=armv7e-m+fp.dp'
 /home/rawinza555/gcc-arm-none-eabi-10.3-2021.07/bin/../lib/gcc/arm-none-eabi/10.3.1/../../../../arm-none-eabi/bin/as -v -march=armv7e-m -mfloat-abi=hard -mfpu=fpv5-d16 -meabi=5 -o CMakeFiles/cmTC_ac2e1.dir/CMakeCXXCompilerABI.cpp.obj /tmp/ccRmAAZG.s
GNU assembler version 2.36.1 (arm-none-eabi) using BFD version (GNU Arm Embedded Toolchain 10.3-2021.07) 2.36.1.20210621
COMPILER_PATH=/home/rawinza555/gcc-arm-none-eabi-10.3-2021.07/bin/../lib/gcc/arm-none-eabi/10.3.1/:/home/rawinza555/gcc-arm-none-eabi-10.3-2021.07/bin/../lib/gcc/:/home/rawinza555/gcc-arm-none-eabi-10.3-2021.07/bin/../lib/gcc/arm-none-eabi/10.3.1/../../../../arm-none-eabi/bin/
LIBRARY_PATH=/home/rawinza555/gcc-arm-none-eabi-10.3-2021.07/bin/../lib/gcc/arm-none-eabi/10.3.1/thumb/v7e-m+dp/hard/:/home/rawinza555/gcc-arm-none-eabi-10.3-2021.07/bin/../lib/gcc/arm-none-eabi/10.3.1/../../../../arm-none-eabi/lib/thumb/v7e-m+dp/hard/:/home/rawinza555/gcc-arm-none-eabi-10.3-2021.07/bin/../arm-none-eabi/lib/thumb/v7e-m+dp/hard/:/home/rawinza555/gcc-arm-none-eabi-10.3-2021.07/bin/../lib/gcc/arm-none-eabi/10.3.1/:/home/rawinza555/gcc-arm-none-eabi-10.3-2021.07/bin/../lib/gcc/:/home/rawinza555/gcc-arm-none-eabi-10.3-2021.07/bin/../lib/gcc/arm-none-eabi/10.3.1/../../../../arm-none-eabi/lib/:/home/rawinza555/gcc-arm-none-eabi-10.3-2021.07/bin/../arm-none-eabi/lib/
COLLECT_GCC_OPTIONS='-D' 'TGT_OS_TYPE_FREERTOS' '-D' '__FREERTOS__' '-D' '__ELF__' '-mcpu=cortex-m7' '-mfpu=fpv5-d16' '-mfloat-abi=hard' '-D' 'USE_HAL_DRIVER' '-D' 'STM32H743xx' '-Wall' '-fdata-sections' '-ffunction-sections' '-mthumb' '-std=c++14' '-v' '-o' 'CMakeFiles/cmTC_ac2e1.dir/CMakeCXXCompilerABI.cpp.obj' '-c' '-mlibarch=armv7e-m+fp.dp' '-march=armv7e-m+fp.dp'
Linking CXX static library libcmTC_ac2e1.a
/usr/bin/cmake -P CMakeFiles/cmTC_ac2e1.dir/cmake_clean_target.cmake
/usr/bin/cmake -E cmake_link_script CMakeFiles/cmTC_ac2e1.dir/link.txt --verbose=1
/home/rawinza555/gcc-arm-none-eabi-10.3-2021.07/bin/arm-none-eabi-ar qc libcmTC_ac2e1.a  CMakeFiles/cmTC_ac2e1.dir/CMakeCXXCompilerABI.cpp.obj
/home/rawinza555/gcc-arm-none-eabi-10.3-2021.07/bin/arm-none-eabi-ranlib libcmTC_ac2e1.a
make[1]: Leaving directory '/home/rawinza555/fprime/STM32Blink/build-fprime-automatic-stm32/CMakeFiles/CMakeTmp'



Parsed CXX implicit include dir info from above output: rv=done
  found start of include info
  found start of implicit include info
    add: [/home/rawinza555/gcc-arm-none-eabi-10.3-2021.07/bin/../lib/gcc/arm-none-eabi/10.3.1/../../../../arm-none-eabi/include/c++/10.3.1]
    add: [/home/rawinza555/gcc-arm-none-eabi-10.3-2021.07/bin/../lib/gcc/arm-none-eabi/10.3.1/../../../../arm-none-eabi/include/c++/10.3.1/arm-none-eabi/thumb/v7e-m+dp/hard]
    add: [/home/rawinza555/gcc-arm-none-eabi-10.3-2021.07/bin/../lib/gcc/arm-none-eabi/10.3.1/../../../../arm-none-eabi/include/c++/10.3.1/backward]
    add: [/home/rawinza555/gcc-arm-none-eabi-10.3-2021.07/bin/../lib/gcc/arm-none-eabi/10.3.1/include]
    add: [/home/rawinza555/gcc-arm-none-eabi-10.3-2021.07/bin/../lib/gcc/arm-none-eabi/10.3.1/include-fixed]
    add: [/home/rawinza555/gcc-arm-none-eabi-10.3-2021.07/bin/../lib/gcc/arm-none-eabi/10.3.1/../../../../arm-none-eabi/include]
  end of search list found
  collapse include dir [/home/rawinza555/gcc-arm-none-eabi-10.3-2021.07/bin/../lib/gcc/arm-none-eabi/10.3.1/../../../../arm-none-eabi/include/c++/10.3.1] ==> [/home/rawinza555/gcc-arm-none-eabi-10.3-2021.07/arm-none-eabi/include/c++/10.3.1]
  collapse include dir [/home/rawinza555/gcc-arm-none-eabi-10.3-2021.07/bin/../lib/gcc/arm-none-eabi/10.3.1/../../../../arm-none-eabi/include/c++/10.3.1/arm-none-eabi/thumb/v7e-m+dp/hard] ==> [/home/rawinza555/gcc-arm-none-eabi-10.3-2021.07/arm-none-eabi/include/c++/10.3.1/arm-none-eabi/thumb/v7e-m+dp/hard]
  collapse include dir [/home/rawinza555/gcc-arm-none-eabi-10.3-2021.07/bin/../lib/gcc/arm-none-eabi/10.3.1/../../../../arm-none-eabi/include/c++/10.3.1/backward] ==> [/home/rawinza555/gcc-arm-none-eabi-10.3-2021.07/arm-none-eabi/include/c++/10.3.1/backward]
  collapse include dir [/home/rawinza555/gcc-arm-none-eabi-10.3-2021.07/bin/../lib/gcc/arm-none-eabi/10.3.1/include] ==> [/home/rawinza555/gcc-arm-none-eabi-10.3-2021.07/lib/gcc/arm-none-eabi/10.3.1/include]
  collapse include dir [/home/rawinza555/gcc-arm-none-eabi-10.3-2021.07/bin/../lib/gcc/arm-none-eabi/10.3.1/include-fixed] ==> [/home/rawinza555/gcc-arm-none-eabi-10.3-2021.07/lib/gcc/arm-none-eabi/10.3.1/include-fixed]
  collapse include dir [/home/rawinza555/gcc-arm-none-eabi-10.3-2021.07/bin/../lib/gcc/arm-none-eabi/10.3.1/../../../../arm-none-eabi/include] ==> [/home/rawinza555/gcc-arm-none-eabi-10.3-2021.07/arm-none-eabi/include]
  implicit include dirs: [/home/rawinza555/gcc-arm-none-eabi-10.3-2021.07/arm-none-eabi/include/c++/10.3.1;/home/rawinza555/gcc-arm-none-eabi-10.3-2021.07/arm-none-eabi/include/c++/10.3.1/arm-none-eabi/thumb/v7e-m+dp/hard;/home/rawinza555/gcc-arm-none-eabi-10.3-2021.07/arm-none-eabi/include/c++/10.3.1/backward;/home/rawinza555/gcc-arm-none-eabi-10.3-2021.07/lib/gcc/arm-none-eabi/10.3.1/include;/home/rawinza555/gcc-arm-none-eabi-10.3-2021.07/lib/gcc/arm-none-eabi/10.3.1/include-fixed;/home/rawinza555/gcc-arm-none-eabi-10.3-2021.07/arm-none-eabi/include]


Parsed CXX implicit link information from above output:
  link line regex: [^( *|.*[/\])(arm-none-eabi-ld|CMAKE_LINK_STARTFILE-NOTFOUND|([^/\]+-)?ld|collect2)[^/\]*( |$)]
  ignore line: [Change Dir: /home/rawinza555/fprime/STM32Blink/build-fprime-automatic-stm32/CMakeFiles/CMakeTmp]
  ignore line: []
  ignore line: [Run Build Command(s):/usr/bin/make cmTC_ac2e1/fast && /usr/bin/make -f CMakeFiles/cmTC_ac2e1.dir/build.make CMakeFiles/cmTC_ac2e1.dir/build]
  ignore line: [make[1]: Entering directory '/home/rawinza555/fprime/STM32Blink/build-fprime-automatic-stm32/CMakeFiles/CMakeTmp']
  ignore line: [Building CXX object CMakeFiles/cmTC_ac2e1.dir/CMakeCXXCompilerABI.cpp.obj]
  ignore line: [/home/rawinza555/gcc-arm-none-eabi-10.3-2021.07/bin/arm-none-eabi-g++    -DTGT_OS_TYPE_FREERTOS     -D__FREERTOS__     -D__ELF__      -mcpu=cortex-m7     -mfpu=fpv5-d16     -mfloat-abi=hard     -DUSE_HAL_DRIVER     -DSTM32H743xx     -Wall     -fdata-sections     -ffunction-sections     -mthumb      -std=c++14    -v -o CMakeFiles/cmTC_ac2e1.dir/CMakeCXXCompilerABI.cpp.obj -c /usr/share/cmake-3.16/Modules/CMakeCXXCompilerABI.cpp]
  ignore line: [Using built-in specs.]
  ignore line: [COLLECT_GCC=/home/rawinza555/gcc-arm-none-eabi-10.3-2021.07/bin/arm-none-eabi-g++]
  ignore line: [Target: arm-none-eabi]
  ignore line: [Configured with: /mnt/workspace/workspace/GCC-10-pipeline/jenkins-GCC-10-pipeline-260_20210727_1627371386/src/gcc/configure --target=arm-none-eabi --prefix=/mnt/workspace/workspace/GCC-10-pipeline/jenkins-GCC-10-pipeline-260_20210727_1627371386/install-native --libexecdir=/mnt/workspace/workspace/GCC-10-pipeline/jenkins-GCC-10-pipeline-260_20210727_1627371386/install-native/lib --infodir=/mnt/workspace/workspace/GCC-10-pipeline/jenkins-GCC-10-pipeline-260_20210727_1627371386/install-native/share/doc/gcc-arm-none-eabi/info --mandir=/mnt/workspace/workspace/GCC-10-pipeline/jenkins-GCC-10-pipeline-260_20210727_1627371386/install-native/share/doc/gcc-arm-none-eabi/man --htmldir=/mnt/workspace/workspace/GCC-10-pipeline/jenkins-GCC-10-pipeline-260_20210727_1627371386/install-native/share/doc/gcc-arm-none-eabi/html --pdfdir=/mnt/workspace/workspace/GCC-10-pipeline/jenkins-GCC-10-pipeline-260_20210727_1627371386/install-native/share/doc/gcc-arm-none-eabi/pdf --enable-languages=c,c++ --enable-plugins --disable-decimal-float --disable-libffi --disable-libgomp --disable-libmudflap --disable-libquadmath --disable-libssp --disable-libstdcxx-pch --disable-nls --disable-shared --disable-threads --disable-tls --with-gnu-as --with-gnu-ld --with-newlib --with-headers=yes --with-python-dir=share/gcc-arm-none-eabi --with-sysroot=/mnt/workspace/workspace/GCC-10-pipeline/jenkins-GCC-10-pipeline-260_20210727_1627371386/install-native/arm-none-eabi --build=x86_64-linux-gnu --host=x86_64-linux-gnu --with-gmp=/mnt/workspace/workspace/GCC-10-pipeline/jenkins-GCC-10-pipeline-260_20210727_1627371386/build-native/host-libs/usr --with-mpfr=/mnt/workspace/workspace/GCC-10-pipeline/jenkins-GCC-10-pipeline-260_20210727_1627371386/build-native/host-libs/usr --with-mpc=/mnt/workspace/workspace/GCC-10-pipeline/jenkins-GCC-10-pipeline-260_20210727_1627371386/build-native/host-libs/usr --with-isl=/mnt/workspace/workspace/GCC-10-pipeline/jenkins-GCC-10-pipeline-260_20210727_1627371386/build-native/host-libs/usr --with-libelf=/mnt/workspace/workspace/GCC-10-pipeline/jenkins-GCC-10-pipeline-260_20210727_1627371386/build-native/host-libs/usr --with-host-libstdcxx='-static-libgcc -Wl,-Bstatic,-lstdc++,-Bdynamic -lm' --with-pkgversion='GNU Arm Embedded Toolchain 10.3-2021.07' --with-multilib-list=rmprofile,aprofile]
  ignore line: [Thread model: single]
  ignore line: [Supported LTO compression algorithms: zlib]
  ignore line: [gcc version 10.3.1 20210621 (release) (GNU Arm Embedded Toolchain 10.3-2021.07) ]
  ignore line: [COLLECT_GCC_OPTIONS='-D' 'TGT_OS_TYPE_FREERTOS' '-D' '__FREERTOS__' '-D' '__ELF__' '-mcpu=cortex-m7' '-mfpu=fpv5-d16' '-mfloat-abi=hard' '-D' 'USE_HAL_DRIVER' '-D' 'STM32H743xx' '-Wall' '-fdata-sections' '-ffunction-sections' '-mthumb' '-std=c++14' '-v' '-o' 'CMakeFiles/cmTC_ac2e1.dir/CMakeCXXCompilerABI.cpp.obj' '-c' '-mlibarch=armv7e-m+fp.dp' '-march=armv7e-m+fp.dp']
  ignore line: [ /home/rawinza555/gcc-arm-none-eabi-10.3-2021.07/bin/../lib/gcc/arm-none-eabi/10.3.1/cc1plus -quiet -v -imultilib thumb/v7e-m+dp/hard -iprefix /home/rawinza555/gcc-arm-none-eabi-10.3-2021.07/bin/../lib/gcc/arm-none-eabi/10.3.1/ -isysroot /home/rawinza555/gcc-arm-none-eabi-10.3-2021.07/bin/../arm-none-eabi -D__USES_INITFINI__ -D TGT_OS_TYPE_FREERTOS -D __FREERTOS__ -D __ELF__ -D USE_HAL_DRIVER -D STM32H743xx /usr/share/cmake-3.16/Modules/CMakeCXXCompilerABI.cpp -quiet -dumpbase CMakeCXXCompilerABI.cpp -mcpu=cortex-m7 -mfpu=fpv5-d16 -mfloat-abi=hard -mthumb -mlibarch=armv7e-m+fp.dp -march=armv7e-m+fp.dp -auxbase-strip CMakeFiles/cmTC_ac2e1.dir/CMakeCXXCompilerABI.cpp.obj -Wall -std=c++14 -version -fdata-sections -ffunction-sections -o /tmp/ccRmAAZG.s]
  ignore line: [GNU C++14 (GNU Arm Embedded Toolchain 10.3-2021.07) version 10.3.1 20210621 (release) (arm-none-eabi)]
  ignore line: [	compiled by GNU C version 4.8.4  GMP version 6.1.0  MPFR version 3.1.4  MPC version 1.0.3  isl version isl-0.18-GMP]
  ignore line: []
  ignore line: [GGC heuristics: --param ggc-min-expand=100 --param ggc-min-heapsize=131072]
  ignore line: [ignoring duplicate directory "/home/rawinza555/gcc-arm-none-eabi-10.3-2021.07/bin/../lib/gcc/../../lib/gcc/arm-none-eabi/10.3.1/../../../../arm-none-eabi/include/c++/10.3.1"]
  ignore line: [ignoring duplicate directory "/home/rawinza555/gcc-arm-none-eabi-10.3-2021.07/bin/../lib/gcc/../../lib/gcc/arm-none-eabi/10.3.1/../../../../arm-none-eabi/include/c++/10.3.1/arm-none-eabi/thumb/v7e-m+dp/hard"]
  ignore line: [ignoring duplicate directory "/home/rawinza555/gcc-arm-none-eabi-10.3-2021.07/bin/../lib/gcc/../../lib/gcc/arm-none-eabi/10.3.1/../../../../arm-none-eabi/include/c++/10.3.1/backward"]
  ignore line: [ignoring duplicate directory "/home/rawinza555/gcc-arm-none-eabi-10.3-2021.07/bin/../lib/gcc/../../lib/gcc/arm-none-eabi/10.3.1/include"]
  ignore line: [ignoring nonexistent directory "/home/rawinza555/gcc-arm-none-eabi-10.3-2021.07/bin/../arm-none-eabi/usr/local/include"]
  ignore line: [ignoring duplicate directory "/home/rawinza555/gcc-arm-none-eabi-10.3-2021.07/bin/../lib/gcc/../../lib/gcc/arm-none-eabi/10.3.1/include-fixed"]
  ignore line: [ignoring duplicate directory "/home/rawinza555/gcc-arm-none-eabi-10.3-2021.07/bin/../lib/gcc/../../lib/gcc/arm-none-eabi/10.3.1/../../../../arm-none-eabi/include"]
  ignore line: [ignoring nonexistent directory "/home/rawinza555/gcc-arm-none-eabi-10.3-2021.07/bin/../arm-none-eabi/usr/include"]
  ignore line: [#include "..." search starts here:]
  ignore line: [#include <...> search starts here:]
  ignore line: [ /home/rawinza555/gcc-arm-none-eabi-10.3-2021.07/bin/../lib/gcc/arm-none-eabi/10.3.1/../../../../arm-none-eabi/include/c++/10.3.1]
  ignore line: [ /home/rawinza555/gcc-arm-none-eabi-10.3-2021.07/bin/../lib/gcc/arm-none-eabi/10.3.1/../../../../arm-none-eabi/include/c++/10.3.1/arm-none-eabi/thumb/v7e-m+dp/hard]
  ignore line: [ /home/rawinza555/gcc-arm-none-eabi-10.3-2021.07/bin/../lib/gcc/arm-none-eabi/10.3.1/../../../../arm-none-eabi/include/c++/10.3.1/backward]
  ignore line: [ /home/rawinza555/gcc-arm-none-eabi-10.3-2021.07/bin/../lib/gcc/arm-none-eabi/10.3.1/include]
  ignore line: [ /home/rawinza555/gcc-arm-none-eabi-10.3-2021.07/bin/../lib/gcc/arm-none-eabi/10.3.1/include-fixed]
  ignore line: [ /home/rawinza555/gcc-arm-none-eabi-10.3-2021.07/bin/../lib/gcc/arm-none-eabi/10.3.1/../../../../arm-none-eabi/include]
  ignore line: [End of search list.]
  ignore line: [GNU C++14 (GNU Arm Embedded Toolchain 10.3-2021.07) version 10.3.1 20210621 (release) (arm-none-eabi)]
  ignore line: [	compiled by GNU C version 4.8.4  GMP version 6.1.0  MPFR version 3.1.4  MPC version 1.0.3  isl version isl-0.18-GMP]
  ignore line: []
  ignore line: [GGC heuristics: --param ggc-min-expand=100 --param ggc-min-heapsize=131072]
  ignore line: [Compiler executable checksum: b20f86d509d185d6d42f26d50b8ff0e6]
  ignore line: [COLLECT_GCC_OPTIONS='-D' 'TGT_OS_TYPE_FREERTOS' '-D' '__FREERTOS__' '-D' '__ELF__' '-mcpu=cortex-m7' '-mfpu=fpv5-d16' '-mfloat-abi=hard' '-D' 'USE_HAL_DRIVER' '-D' 'STM32H743xx' '-Wall' '-fdata-sections' '-ffunction-sections' '-mthumb' '-std=c++14' '-v' '-o' 'CMakeFiles/cmTC_ac2e1.dir/CMakeCXXCompilerABI.cpp.obj' '-c' '-mlibarch=armv7e-m+fp.dp' '-march=armv7e-m+fp.dp']
  ignore line: [ /home/rawinza555/gcc-arm-none-eabi-10.3-2021.07/bin/../lib/gcc/arm-none-eabi/10.3.1/../../../../arm-none-eabi/bin/as -v -march=armv7e-m -mfloat-abi=hard -mfpu=fpv5-d16 -meabi=5 -o CMakeFiles/cmTC_ac2e1.dir/CMakeCXXCompilerABI.cpp.obj /tmp/ccRmAAZG.s]
  ignore line: [GNU assembler version 2.36.1 (arm-none-eabi) using BFD version (GNU Arm Embedded Toolchain 10.3-2021.07) 2.36.1.20210621]
  ignore line: [COMPILER_PATH=/home/rawinza555/gcc-arm-none-eabi-10.3-2021.07/bin/../lib/gcc/arm-none-eabi/10.3.1/:/home/rawinza555/gcc-arm-none-eabi-10.3-2021.07/bin/../lib/gcc/:/home/rawinza555/gcc-arm-none-eabi-10.3-2021.07/bin/../lib/gcc/arm-none-eabi/10.3.1/../../../../arm-none-eabi/bin/]
  ignore line: [LIBRARY_PATH=/home/rawinza555/gcc-arm-none-eabi-10.3-2021.07/bin/../lib/gcc/arm-none-eabi/10.3.1/thumb/v7e-m+dp/hard/:/home/rawinza555/gcc-arm-none-eabi-10.3-2021.07/bin/../lib/gcc/arm-none-eabi/10.3.1/../../../../arm-none-eabi/lib/thumb/v7e-m+dp/hard/:/home/rawinza555/gcc-arm-none-eabi-10.3-2021.07/bin/../arm-none-eabi/lib/thumb/v7e-m+dp/hard/:/home/rawinza555/gcc-arm-none-eabi-10.3-2021.07/bin/../lib/gcc/arm-none-eabi/10.3.1/:/home/rawinza555/gcc-arm-none-eabi-10.3-2021.07/bin/../lib/gcc/:/home/rawinza555/gcc-arm-none-eabi-10.3-2021.07/bin/../lib/gcc/arm-none-eabi/10.3.1/../../../../arm-none-eabi/lib/:/home/rawinza555/gcc-arm-none-eabi-10.3-2021.07/bin/../arm-none-eabi/lib/]
  ignore line: [COLLECT_GCC_OPTIONS='-D' 'TGT_OS_TYPE_FREERTOS' '-D' '__FREERTOS__' '-D' '__ELF__' '-mcpu=cortex-m7' '-mfpu=fpv5-d16' '-mfloat-abi=hard' '-D' 'USE_HAL_DRIVER' '-D' 'STM32H743xx' '-Wall' '-fdata-sections' '-ffunction-sections' '-mthumb' '-std=c++14' '-v' '-o' 'CMakeFiles/cmTC_ac2e1.dir/CMakeCXXCompilerABI.cpp.obj' '-c' '-mlibarch=armv7e-m+fp.dp' '-march=armv7e-m+fp.dp']
  ignore line: [Linking CXX static library libcmTC_ac2e1.a]
  ignore line: [/usr/bin/cmake -P CMakeFiles/cmTC_ac2e1.dir/cmake_clean_target.cmake]
  ignore line: [/usr/bin/cmake -E cmake_link_script CMakeFiles/cmTC_ac2e1.dir/link.txt --verbose=1]
  ignore line: [/home/rawinza555/gcc-arm-none-eabi-10.3-2021.07/bin/arm-none-eabi-ar qc libcmTC_ac2e1.a  CMakeFiles/cmTC_ac2e1.dir/CMakeCXXCompilerABI.cpp.obj]
  ignore line: [/home/rawinza555/gcc-arm-none-eabi-10.3-2021.07/bin/arm-none-eabi-ranlib libcmTC_ac2e1.a]
  ignore line: [make[1]: Leaving directory '/home/rawinza555/fprime/STM32Blink/build-fprime-automatic-stm32/CMakeFiles/CMakeTmp']
  ignore line: []
  ignore line: []
  implicit libs: []
  implicit dirs: []
  implicit fwks: []


Determining if the include file pthread.h exists passed with the following output:
Change Dir: /home/rawinza555/fprime/STM32Blink/build-fprime-automatic-stm32/CMakeFiles/CMakeTmp

Run Build Command(s):/usr/bin/make cmTC_b7f70/fast && /usr/bin/make -f CMakeFiles/cmTC_b7f70.dir/build.make CMakeFiles/cmTC_b7f70.dir/build
make[1]: Entering directory '/home/rawinza555/fprime/STM32Blink/build-fprime-automatic-stm32/CMakeFiles/CMakeTmp'
Building C object CMakeFiles/cmTC_b7f70.dir/CheckIncludeFile.c.obj
/home/rawinza555/gcc-arm-none-eabi-10.3-2021.07/bin/arm-none-eabi-gcc   -DTGT_OS_TYPE_FREERTOS     -D__FREERTOS__     -D__ELF__      -mcpu=cortex-m7     -mfpu=fpv5-d16     -mfloat-abi=hard     -DUSE_HAL_DRIVER     -DSTM32H743xx     -Wall     -fdata-sections     -ffunction-sections     -mthumb      -std=c99    -o CMakeFiles/cmTC_b7f70.dir/CheckIncludeFile.c.obj   -c /home/rawinza555/fprime/STM32Blink/build-fprime-automatic-stm32/CMakeFiles/CMakeTmp/CheckIncludeFile.c
Linking C static library libcmTC_b7f70.a
/usr/bin/cmake -P CMakeFiles/cmTC_b7f70.dir/cmake_clean_target.cmake
/usr/bin/cmake -E cmake_link_script CMakeFiles/cmTC_b7f70.dir/link.txt --verbose=1
/home/rawinza555/gcc-arm-none-eabi-10.3-2021.07/bin/arm-none-eabi-ar qc libcmTC_b7f70.a  CMakeFiles/cmTC_b7f70.dir/CheckIncludeFile.c.obj
/home/rawinza555/gcc-arm-none-eabi-10.3-2021.07/bin/arm-none-eabi-ranlib libcmTC_b7f70.a
make[1]: Leaving directory '/home/rawinza555/fprime/STM32Blink/build-fprime-automatic-stm32/CMakeFiles/CMakeTmp'



Determining if the function pthread_create exists in the pthreads passed with the following output:
Change Dir: /home/rawinza555/fprime/STM32Blink/build-fprime-automatic-stm32/CMakeFiles/CMakeTmp

Run Build Command(s):/usr/bin/make cmTC_19516/fast && /usr/bin/make -f CMakeFiles/cmTC_19516.dir/build.make CMakeFiles/cmTC_19516.dir/build
make[1]: Entering directory '/home/rawinza555/fprime/STM32Blink/build-fprime-automatic-stm32/CMakeFiles/CMakeTmp'
Building C object CMakeFiles/cmTC_19516.dir/CheckFunctionExists.c.obj
/home/rawinza555/gcc-arm-none-eabi-10.3-2021.07/bin/arm-none-eabi-gcc   -DTGT_OS_TYPE_FREERTOS     -D__FREERTOS__     -D__ELF__      -mcpu=cortex-m7     -mfpu=fpv5-d16     -mfloat-abi=hard     -DUSE_HAL_DRIVER     -DSTM32H743xx     -Wall     -fdata-sections     -ffunction-sections     -mthumb      -std=c99 -DCHECK_FUNCTION_EXISTS=pthread_create   -o CMakeFiles/cmTC_19516.dir/CheckFunctionExists.c.obj   -c /usr/share/cmake-3.16/Modules/CheckFunctionExists.c
Linking C static library libcmTC_19516.a
/usr/bin/cmake -P CMakeFiles/cmTC_19516.dir/cmake_clean_target.cmake
/usr/bin/cmake -E cmake_link_script CMakeFiles/cmTC_19516.dir/link.txt --verbose=1
/home/rawinza555/gcc-arm-none-eabi-10.3-2021.07/bin/arm-none-eabi-ar qc libcmTC_19516.a  CMakeFiles/cmTC_19516.dir/CheckFunctionExists.c.obj
/home/rawinza555/gcc-arm-none-eabi-10.3-2021.07/bin/arm-none-eabi-ranlib libcmTC_19516.a
make[1]: Leaving directory '/home/rawinza555/fprime/STM32Blink/build-fprime-automatic-stm32/CMakeFiles/CMakeTmp'



